-----EVALUATION PARAMETERS-----
Device: cuda
Model: bigbird_pegasus
Data directory: data/mutual
Output directory: experiment_outputs/
-----------------------------
Loading model..
/home/lcur0003/.conda/envs/dl4nlp-nlg/lib/python3.6/site-packages/transformers/configuration_utils.py:337: UserWarning: Passing `gradient_checkpointing` to a config initialization is deprecated and will be removed in v5 Transformers. Using `model.gradient_checkpointing_enable()` instead, or if you are using the `Trainer` API, pass `gradient_checkpointing=True` in your `TrainingArguments`.
  "Passing `gradient_checkpointing` to a config initialization is deprecated and will be removed in v5 "
Model loaded
Loading data..
Creating features from dataset file at data/mutual
read files:   0%|          | 0/886 [00:00<?, ?it/s]read files:  26%|##5       | 230/886 [00:00<00:00, 2292.11it/s]read files:  52%|#####1    | 460/886 [00:00<00:00, 2233.05it/s]read files:  77%|#######7  | 684/886 [00:00<00:00, 2206.26it/s]read files: 100%|##########| 886/886 [00:00<00:00, 2219.05it/s]
Number of evaluation instances: 886
Data loaded
Starting evaluation..
R4_1: 0.2054176072234763
R4_2: 0.4672686230248307
MRR: 0.49209932279909535
Evaluation finished
